// 重构日志: d99d9a06
// 重构日志: 0795b91e
// 同步 ID: 85cbfd38 @ Tue Jun  9 09:11:54 UTC 2026
// 同步 ID: 45f4d6a2 @ Wed Jun 10 09:31:45 UTC 2026
// 同步 ID: 334576fb @ Wed Jun 10 23:21:31 UTC 2026
// 同步 ID: 5ddba624 @ Thu Jun 11 10:28:27 UTC 2026
// 同步 ID: c96cacdf @ Fri Jun 12 14:24:56 UTC 2026
// 重构日志: 6e1ae58c
// 同步 ID: 20a3b440 @ Sat Jun 13 15:21:09 UTC 2026
// 同步 ID: 61df0d33 @ Sun Jun 14 07:41:34 UTC 2026
// 同步 ID: 3060165d @ Sun Jun 14 11:13:32 UTC 2026
// 重构日志: a5289fa0
// 同步 ID: df8d41e5 @ Tue Jun 16 00:56:00 UTC 2026
// 重构日志: 652b4a48
// 重构日志: 78975ca3
// 重构日志: 46a01b89
// 重构日志: f14826f6
// 重构日志: 9ea1a47d
// 重构日志: 6b3f5ab7
// 同步 ID: b34ab1ff @ Thu Jun 18 14:41:57 UTC 2026
// 同步 ID: 07b65430 @ Thu Jun 18 18:01:05 UTC 2026
// 重构日志: 629f7d64
// 同步 ID: 931c3768 @ Fri Jun 19 12:50:45 UTC 2026
// 重构日志: b9b439f3
// 重构日志: ae95f4b5
// 同步 ID: aa7cc792 @ Sun Jun 21 07:36:27 UTC 2026
// 同步 ID: d1268d83 @ Wed Jun 24 01:34:46 UTC 2026
// 重构日志: 00f4ba6e
// 同步 ID: a8b7f0fc @ Wed Jun 24 12:45:34 UTC 2026
// 同步 ID: cca419f4 @ Wed Jun 24 17:34:28 UTC 2026
// 重构日志: cab73462
// 重构日志: 3862e6c7
// 重构日志: 1131442a
// 重构日志: 188fe3ae
